<?xml version="1.0" encoding="UTF-8" ?>
<testsuite errors="0" failures="1" hostname="LAPTOP-TBJLJJJQ" name="repaso.RepasoTest" skipped="0" tests="8" time="0.264" timestamp="2021-09-13T17:20:07">
  <properties>
[...]
</properties>
  <testcase classname="repaso.RepasoTest" name="testInvertArray" time="0.007" />
  <testcase classname="repaso.RepasoTest" name="testMcd" time="0.0" />
  <testcase classname="repaso.RepasoTest" name="testSumArray" time="0.0" />
  <testcase classname="repaso.RepasoTest" name="testFactorial" time="0.0" />
  <testcase classname="repaso.RepasoTest" name="testMinimum" time="0.012">
    <failure message="expected:&lt;2&gt; but was:&lt;4&gt;" type="junit.framework.AssertionFailedError">junit.framework.AssertionFailedError: expected:&lt;2&gt; but was:&lt;4&gt;
	at repaso.RepasoTest.testMinimum(RepasoTest.java:81)
	at java.base/jdk.internal.reflect.NativeMethodAccessorImpl.invoke0(Native Method)
	at java.base/jdk.internal.reflect.NativeMethodAccessorImpl.invoke(NativeMethodAccessorImpl.java:78)
	at java.base/jdk.internal.reflect.DelegatingMethodAccessorImpl.invoke(DelegatingMethodAccessorImpl.java:43)
</failure>
  </testcase>
  <testcase classname="repaso.RepasoTest" name="testSumDigits" time="0.0" />
  <testcase classname="repaso.RepasoTest" name="testInvert" time="0.0" />
  <testcase classname="repaso.RepasoTest" name="testSquare" time="0.0" />
  <system-out><![CDATA[Reverse the elements of {2, 4, 6, 8}
Compute Greatest Common Factor of 22 and 12
Sum the elements of {2, 4, 6, 8}
Compute the factorial of 4
Identifies the lowest value for {4, 3, 6, 2, 8}
Summate the digits of 1111
Reverse the word 'ejemplo'
Compute the square number of 5
]]></system-out>
  <system-err><![CDATA[]]></system-err>
</testsuite>
